<?xml version="1.0" encoding="UTF-8"?>
<coverage generated="1739654990094" clover="3.2.0">
  <project timestamp="1739654990094" name="All files">
    <metrics statements="95" coveredstatements="56" conditionals="15" coveredconditionals="13" methods="9" coveredmethods="7" elements="119" coveredelements="76" complexity="0" loc="95" ncloc="95" packages="2" files="5" classes="5"/>
    <package name="src">
      <metrics statements="44" coveredstatements="5" conditionals="3" coveredconditionals="1" methods="3" coveredmethods="1"/>
      <file name="App.jsx" path="D:\Projects\todo-app\frontend\src\App.jsx">
        <metrics statements="5" coveredstatements="5" conditionals="1" coveredconditionals="1" methods="1" coveredmethods="1"/>
        <line num="1" count="1" type="stmt"/>
        <line num="3" count="1" type="cond" truecount="1" falsecount="0"/>
        <line num="4" count="1" type="stmt"/>
        <line num="5" count="1" type="stmt"/>
        <line num="7" count="1" type="stmt"/>
      </file>
      <file name="__App.jsx" path="D:\Projects\todo-app\frontend\src\__App.jsx">
        <metrics statements="30" coveredstatements="0" conditionals="1" coveredconditionals="0" methods="1" coveredmethods="0"/>
        <line num="1" count="0" type="cond" truecount="0" falsecount="1"/>
        <line num="2" count="0" type="stmt"/>
        <line num="3" count="0" type="stmt"/>
        <line num="4" count="0" type="stmt"/>
        <line num="6" count="0" type="stmt"/>
        <line num="7" count="0" type="stmt"/>
        <line num="9" count="0" type="stmt"/>
        <line num="10" count="0" type="stmt"/>
        <line num="11" count="0" type="stmt"/>
        <line num="12" count="0" type="stmt"/>
        <line num="13" count="0" type="stmt"/>
        <line num="14" count="0" type="stmt"/>
        <line num="15" count="0" type="stmt"/>
        <line num="16" count="0" type="stmt"/>
        <line num="17" count="0" type="stmt"/>
        <line num="18" count="0" type="stmt"/>
        <line num="19" count="0" type="stmt"/>
        <line num="20" count="0" type="stmt"/>
        <line num="21" count="0" type="stmt"/>
        <line num="22" count="0" type="stmt"/>
        <line num="23" count="0" type="stmt"/>
        <line num="24" count="0" type="stmt"/>
        <line num="25" count="0" type="stmt"/>
        <line num="26" count="0" type="stmt"/>
        <line num="27" count="0" type="stmt"/>
        <line num="28" count="0" type="stmt"/>
        <line num="30" count="0" type="stmt"/>
        <line num="31" count="0" type="stmt"/>
        <line num="33" count="0" type="stmt"/>
        <line num="35" count="0" type="stmt"/>
      </file>
      <file name="main.jsx" path="D:\Projects\todo-app\frontend\src\main.jsx">
        <metrics statements="9" coveredstatements="0" conditionals="1" coveredconditionals="0" methods="1" coveredmethods="0"/>
        <line num="1" count="0" type="cond" truecount="0" falsecount="1"/>
        <line num="2" count="0" type="stmt"/>
        <line num="3" count="0" type="stmt"/>
        <line num="4" count="0" type="stmt"/>
        <line num="6" count="0" type="stmt"/>
        <line num="7" count="0" type="stmt"/>
        <line num="8" count="0" type="stmt"/>
        <line num="9" count="0" type="stmt"/>
        <line num="10" count="0" type="stmt"/>
      </file>
    </package>
    <package name="src.components">
      <metrics statements="51" coveredstatements="51" conditionals="12" coveredconditionals="12" methods="6" coveredmethods="6"/>
      <file name="TodoForm.jsx" path="D:\Projects\todo-app\frontend\src\components\TodoForm.jsx">
        <metrics statements="24" coveredstatements="24" conditionals="5" coveredconditionals="5" methods="3" coveredmethods="3"/>
        <line num="1" count="1" type="stmt"/>
        <line num="2" count="1" type="stmt"/>
        <line num="3" count="1" type="stmt"/>
        <line num="5" count="5" type="cond" truecount="1" falsecount="0"/>
        <line num="6" count="5" type="stmt"/>
        <line num="8" count="5" type="cond" truecount="1" falsecount="0"/>
        <line num="9" count="2" type="cond" truecount="1" falsecount="0"/>
        <line num="11" count="1" type="stmt"/>
        <line num="12" count="1" type="cond" truecount="1" falsecount="0"/>
        <line num="13" count="1" type="stmt"/>
        <line num="14" count="1" type="stmt"/>
        <line num="15" count="1" type="stmt"/>
        <line num="16" count="2" type="stmt"/>
        <line num="18" count="5" type="stmt"/>
        <line num="19" count="5" type="stmt"/>
        <line num="20" count="5" type="stmt"/>
        <line num="21" count="5" type="stmt"/>
        <line num="22" count="5" type="stmt"/>
        <line num="23" count="5" type="cond" truecount="1" falsecount="0"/>
        <line num="24" count="5" type="stmt"/>
        <line num="25" count="5" type="stmt"/>
        <line num="27" count="5" type="stmt"/>
        <line num="28" count="5" type="stmt"/>
        <line num="30" count="5" type="stmt"/>
      </file>
      <file name="TodoList.jsx" path="D:\Projects\todo-app\frontend\src\components\TodoList.jsx">
        <metrics statements="27" coveredstatements="27" conditionals="7" coveredconditionals="7" methods="3" coveredmethods="3"/>
        <line num="1" count="1" type="stmt"/>
        <line num="2" count="1" type="stmt"/>
        <line num="3" count="1" type="stmt"/>
        <line num="5" count="26" type="cond" truecount="1" falsecount="0"/>
        <line num="6" count="26" type="stmt"/>
        <line num="7" count="26" type="stmt"/>
        <line num="9" count="26" type="cond" truecount="1" falsecount="0"/>
        <line num="10" count="3" type="cond" truecount="1" falsecount="0"/>
        <line num="11" count="26" type="stmt"/>
        <line num="13" count="26" type="cond" truecount="1" falsecount="0"/>
        <line num="14" count="2" type="stmt"/>
        <line num="15" count="2" type="cond" truecount="1" falsecount="0"/>
        <line num="16" count="2" type="stmt"/>
        <line num="17" count="2" type="stmt"/>
        <line num="19" count="26" type="stmt"/>
        <line num="20" count="26" type="stmt"/>
        <line num="21" count="26" type="cond" truecount="1" falsecount="0"/>
        <line num="22" count="26" type="stmt"/>
        <line num="23" count="26" type="stmt"/>
        <line num="24" count="26" type="cond" truecount="1" falsecount="0"/>
        <line num="25" count="3" type="stmt"/>
        <line num="26" count="3" type="stmt"/>
        <line num="27" count="3" type="stmt"/>
        <line num="28" count="26" type="stmt"/>
        <line num="29" count="26" type="stmt"/>
        <line num="30" count="26" type="stmt"/>
        <line num="32" count="26" type="stmt"/>
      </file>
    </package>
  </project>
</coverage>
